<?xml version="1.0" encoding="UTF-8"?>
<testsuite xmlns:xsi="http://www.w3.org/2001/XMLSchema-instance" xsi:noNamespaceSchemaLocation="https://maven.apache.org/surefire/maven-surefire-plugin/xsd/surefire-test-report-3.0.xsd" version="3.0" name="RectangleTests" time="0.002" tests="5" errors="0" skipped="0" failures="0">
  <properties>
    <property name="java.specification.version" value="14"/>
    <property name="sun.cpu.isalist" value="amd64"/>
    <property name="sun.jnu.encoding" value="Cp1251"/>
    <property name="java.class.path" value="D:\sasha\AQA Java\GIT_AT_G7\alexander_kapylov_maven_at_project\target\test-classes;D:\sasha\AQA Java\GIT_AT_G7\alexander_kapylov_maven_at_project\target\classes;C:\Users\aleks\.m2\repository\junit\junit\4.13.2\junit-4.13.2.jar;C:\Users\aleks\.m2\repository\org\hamcrest\hamcrest-core\1.3\hamcrest-core-1.3.jar;"/>
    <property name="java.vm.vendor" value="Oracle Corporation"/>
    <property name="sun.arch.data.model" value="64"/>
    <property name="user.variant" value=""/>
    <property name="java.vendor.url" value="https://java.oracle.com/"/>
    <property name="user.timezone" value="Europe/Minsk"/>
    <property name="os.name" value="Windows 10"/>
    <property name="java.vm.specification.version" value="14"/>
    <property name="sun.java.launcher" value="SUN_STANDARD"/>
    <property name="user.country" value="RU"/>
    <property name="sun.boot.library.path" value="C:\Program Files\Java\jdk-14\bin"/>
    <property name="sun.java.command" value="C:\Users\aleks\AppData\Local\Temp\surefire14363905870671493063\surefirebooter-20230408125325942_3.jar C:\Users\aleks\AppData\Local\Temp\surefire14363905870671493063 2023-04-08T12-53-25_423-jvmRun1 surefire-20230408125325942_1tmp surefire_0-20230408125325942_2tmp"/>
    <property name="jdk.debug" value="release"/>
    <property name="surefire.test.class.path" value="D:\sasha\AQA Java\GIT_AT_G7\alexander_kapylov_maven_at_project\target\test-classes;D:\sasha\AQA Java\GIT_AT_G7\alexander_kapylov_maven_at_project\target\classes;C:\Users\aleks\.m2\repository\junit\junit\4.13.2\junit-4.13.2.jar;C:\Users\aleks\.m2\repository\org\hamcrest\hamcrest-core\1.3\hamcrest-core-1.3.jar;"/>
    <property name="sun.cpu.endian" value="little"/>
    <property name="user.home" value="C:\Users\aleks"/>
    <property name="user.language" value="ru"/>
    <property name="java.specification.vendor" value="Oracle Corporation"/>
    <property name="java.version.date" value="2020-03-17"/>
    <property name="java.home" value="C:\Program Files\Java\jdk-14"/>
    <property name="file.separator" value="\"/>
    <property name="basedir" value="D:\sasha\AQA Java\GIT_AT_G7\alexander_kapylov_maven_at_project"/>
    <property name="java.vm.compressedOopsMode" value="32-bit"/>
    <property name="line.separator" value="&#10;"/>
    <property name="java.vm.specification.vendor" value="Oracle Corporation"/>
    <property name="java.specification.name" value="Java Platform API Specification"/>
    <property name="surefire.real.class.path" value="C:\Users\aleks\AppData\Local\Temp\surefire14363905870671493063\surefirebooter-20230408125325942_3.jar"/>
    <property name="user.script" value=""/>
    <property name="sun.management.compiler" value="HotSpot 64-Bit Tiered Compilers"/>
    <property name="java.runtime.version" value="14+36-1461"/>
    <property name="user.name" value="aleks"/>
    <property name="path.separator" value=";"/>
    <property name="os.version" value="10.0"/>
    <property name="java.runtime.name" value="OpenJDK Runtime Environment"/>
    <property name="file.encoding" value="Cp1251"/>
    <property name="java.vm.name" value="OpenJDK 64-Bit Server VM"/>
    <property name="localRepository" value="C:\Users\aleks\.m2\repository"/>
    <property name="java.vendor.url.bug" value="https://bugreport.java.com/bugreport/"/>
    <property name="java.io.tmpdir" value="C:\Users\aleks\AppData\Local\Temp\"/>
    <property name="java.version" value="14"/>
    <property name="user.dir" value="D:\sasha\AQA Java\GIT_AT_G7\alexander_kapylov_maven_at_project"/>
    <property name="os.arch" value="amd64"/>
    <property name="java.vm.specification.name" value="Java Virtual Machine Specification"/>
    <property name="sun.os.patch.level" value=""/>
    <property name="java.library.path" value="C:\Program Files\Java\jdk-14\bin;C:\Windows\Sun\Java\bin;C:\Windows\system32;C:\Windows;C:\Program Files\Common Files\Oracle\Java\javapath;C:\Windows\system32;C:\Windows;C:\Windows\System32\Wbem;C:\Windows\System32\WindowsPowerShell\v1.0\;C:\Windows\System32\OpenSSH\;D:\Pict\;C:\platform-tools;C:\Program Files\Java\jdk-19;C:\Users\aleks\AppData\Local\Android\Sdk;C:\Users\aleks\AppData\Local\Android\Sdk\tools\bin;C:\Users\aleks\AppData\Local\Android\Sdk\tools;C:\Users\aleks\AppData\Local\Android\Sdk\platform-tools;C:\Program Files\nodejs;C:\Program Files\Git\cmd;C:\Program Files\Maven\apache-maven-3.9.1\bin;C:\Users\aleks\AppData\Local\Microsoft\WindowsApps;;E:\Fiddler Classic\Fiddler;C:\Program Files\JetBrains\IntelliJ IDEA 2022.3\bin;;C:\Program Files\JetBrains\IntelliJ IDEA Community Edition 2022.3.2\bin;;."/>
    <property name="java.vm.info" value="mixed mode, sharing"/>
    <property name="java.vendor" value="Oracle Corporation"/>
    <property name="java.vm.version" value="14+36-1461"/>
    <property name="sun.io.unicode.encoding" value="UnicodeLittle"/>
    <property name="java.class.version" value="58.0"/>
  </properties>
  <testcase name="testGetWidth" classname="RectangleTests" time="0"/>
  <testcase name="testGetArea" classname="RectangleTests" time="0"/>
  <testcase name="testSetLength" classname="RectangleTests" time="0"/>
  <testcase name="testGetLength" classname="RectangleTests" time="0"/>
  <testcase name="testSetWidth" classname="RectangleTests" time="0"/>
</testsuite>