<?xml version="1.0" encoding="UTF-8"?>
<!-- Generated by org.testng.reporters.JUnitReportReporter -->
<testsuite hostname="DESKTOP-S2LO8FQ" failures="0" tests="1" name="homework.at_project.tests.junit4.DemoQATests" time="88.713" errors="0" timestamp="2023-05-11T22:05:46 MSK" skipped="0">
  <testcase classname="homework.at_project.tests.junit4.DemoQATests" name="selectTest" time="88.713"/>
  <system-out/>
</testsuite> <!-- homework.at_project.tests.junit4.DemoQATests -->
